[debug] [2023-09-14T21:07:49.215Z] ----------------------------------------------------------------------
[debug] [2023-09-14T21:07:49.217Z] Command:       /usr/local/bin/firebase /Users/david/.cache/firebase/tools/lib/node_modules/firebase-tools/lib/bin/firebase init
[debug] [2023-09-14T21:07:49.217Z] CLI Version:   11.0.1
[debug] [2023-09-14T21:07:49.217Z] Platform:      darwin
[debug] [2023-09-14T21:07:49.217Z] Node Version:  v16.15.0
[debug] [2023-09-14T21:07:49.220Z] Time:          Thu Sep 14 2023 22:07:49 GMT+0100 (British Summer Time)
[debug] [2023-09-14T21:07:49.220Z] ----------------------------------------------------------------------
[debug] 
[debug] [2023-09-14T21:07:49.226Z] > command requires scopes: ["email","openid","https://www.googleapis.com/auth/cloudplatformprojects.readonly","https://www.googleapis.com/auth/firebase","https://www.googleapis.com/auth/cloud-platform"]
[debug] [2023-09-14T21:07:49.226Z] > authorizing via signed-in user (dkrees@gmail.com)
[info] 
     ######## #### ########  ######## ########     ###     ######  ########
     ##        ##  ##     ## ##       ##     ##  ##   ##  ##       ##
     ######    ##  ########  ######   ########  #########  ######  ######
     ##        ##  ##    ##  ##       ##     ## ##     ##       ## ##
     ##       #### ##     ## ######## ########  ##     ##  ######  ########

You're about to initialize a Firebase project in this directory:

  /Users/david/Projects/Dave-and-steph

[info] 
=== Project Setup
[info] 
[info] First, let's associate this project directory with a Firebase project.
[info] You can create multiple project aliases by running firebase use --add, 
[info] but for now we'll just set up a default project.
[info] 
[debug] [2023-09-14T21:08:25.345Z] > refreshing access token with scopes: []
[debug] [2023-09-14T21:08:25.346Z] >>> HTTP REQUEST POST https://www.googleapis.com/oauth2/v3/token  
 <request body omitted>
[debug] [2023-09-14T21:08:25.478Z] <<< HTTP RESPONSE 400 {"date":"Thu, 14 Sep 2023 21:08:25 GMT","expires":"Mon, 01 Jan 1990 00:00:00 GMT","cache-control":"no-cache, no-store, max-age=0, must-revalidate","pragma":"no-cache","content-type":"application/json; charset=utf-8","vary":"X-Origin, Referer, Origin,Accept-Encoding","server":"scaffolding on HTTPServer2","x-xss-protection":"0","x-frame-options":"SAMEORIGIN","x-content-type-options":"nosniff","alt-svc":"h3=\":443\"; ma=2592000,h3-29=\":443\"; ma=2592000","accept-ranges":"none","transfer-encoding":"chunked"}
[debug] [2023-09-14T21:08:25.480Z] >>> [apiv2][query] GET https://firebase.googleapis.com/v1beta1/projects pageSize=100
[debug] [2023-09-14T21:08:25.593Z] <<< [apiv2][status] GET https://firebase.googleapis.com/v1beta1/projects 401
[debug] [2023-09-14T21:08:25.594Z] <<< [apiv2][body] GET https://firebase.googleapis.com/v1beta1/projects [omitted]
[debug] [2023-09-14T21:08:25.594Z] HTTP Error: 401, Request had invalid authentication credentials. Expected OAuth 2 access token, login cookie or other valid authentication credential. See https://developers.google.com/identity/sign-in/web/devconsole-project.
[debug] [2023-09-14T21:08:25.595Z] FirebaseError: HTTP Error: 401, Request had invalid authentication credentials. Expected OAuth 2 access token, login cookie or other valid authentication credential. See https://developers.google.com/identity/sign-in/web/devconsole-project.
    at module.exports (/Users/david/.cache/firebase/tools/lib/node_modules/firebase-tools/lib/responseToError.js:47:12)
    at RetryOperation._fn (/Users/david/.cache/firebase/tools/lib/node_modules/firebase-tools/lib/apiv2.js:286:39)
    at processTicksAndRejections (node:internal/process/task_queues:96:5)
[error] 
[error] Error: Failed to list Firebase projects. See firebase-debug.log for more info.
[debug] [2023-09-14T21:08:31.918Z] ----------------------------------------------------------------------
[debug] [2023-09-14T21:08:31.919Z] Command:       /usr/local/bin/firebase /Users/david/.cache/firebase/tools/lib/node_modules/firebase-tools/lib/bin/firebase init
[debug] [2023-09-14T21:08:31.920Z] CLI Version:   11.0.1
[debug] [2023-09-14T21:08:31.920Z] Platform:      darwin
[debug] [2023-09-14T21:08:31.920Z] Node Version:  v16.15.0
[debug] [2023-09-14T21:08:31.921Z] Time:          Thu Sep 14 2023 22:08:31 GMT+0100 (British Summer Time)
[debug] [2023-09-14T21:08:31.921Z] ----------------------------------------------------------------------
[debug] 
[debug] [2023-09-14T21:08:31.927Z] > command requires scopes: ["email","openid","https://www.googleapis.com/auth/cloudplatformprojects.readonly","https://www.googleapis.com/auth/firebase","https://www.googleapis.com/auth/cloud-platform"]
[debug] [2023-09-14T21:08:31.927Z] > authorizing via signed-in user (dkrees@gmail.com)
[info] 
     ######## #### ########  ######## ########     ###     ######  ########
     ##        ##  ##     ## ##       ##     ##  ##   ##  ##       ##
     ######    ##  ########  ######   ########  #########  ######  ######
     ##        ##  ##    ##  ##       ##     ## ##     ##       ## ##
     ##       #### ##     ## ######## ########  ##     ##  ######  ########

You're about to initialize a Firebase project in this directory:

  /Users/david/Projects/Dave-and-steph

[info] 
=== Project Setup
[info] 
[info] First, let's associate this project directory with a Firebase project.
[info] You can create multiple project aliases by running firebase use --add, 
[info] but for now we'll just set up a default project.
[info] 
[info] i  If you want to create a project in a Google Cloud organization or folder, please use "firebase projects:create" instead, and return to this command when you've created the project. 
[debug] [2023-09-14T21:09:06.686Z] > refreshing access token with scopes: []
[debug] [2023-09-14T21:09:06.687Z] >>> HTTP REQUEST POST https://www.googleapis.com/oauth2/v3/token  
 <request body omitted>
[debug] [2023-09-14T21:09:06.824Z] <<< HTTP RESPONSE 400 {"pragma":"no-cache","date":"Thu, 14 Sep 2023 21:09:06 GMT","expires":"Mon, 01 Jan 1990 00:00:00 GMT","cache-control":"no-cache, no-store, max-age=0, must-revalidate","content-type":"application/json; charset=utf-8","vary":"X-Origin, Referer, Origin,Accept-Encoding","server":"scaffolding on HTTPServer2","x-xss-protection":"0","x-frame-options":"SAMEORIGIN","x-content-type-options":"nosniff","alt-svc":"h3=\":443\"; ma=2592000,h3-29=\":443\"; ma=2592000","accept-ranges":"none","transfer-encoding":"chunked"}
[debug] [2023-09-14T21:09:06.826Z] >>> [apiv2][query] POST https://cloudresourcemanager.googleapis.com/v1/projects [none]
[debug] [2023-09-14T21:09:06.826Z] >>> [apiv2][body] POST https://cloudresourcemanager.googleapis.com/v1/projects {"projectId":"daveandsteph-86d07","name":"daveandsteph-86d07"}
[debug] [2023-09-14T21:09:07.526Z] <<< [apiv2][status] POST https://cloudresourcemanager.googleapis.com/v1/projects 401
[debug] [2023-09-14T21:09:07.527Z] <<< [apiv2][body] POST https://cloudresourcemanager.googleapis.com/v1/projects {"error":{"code":401,"message":"Request had invalid authentication credentials. Expected OAuth 2 access token, login cookie or other valid authentication credential. See https://developers.google.com/identity/sign-in/web/devconsole-project.","status":"UNAUTHENTICATED","details":[{"@type":"type.googleapis.com/google.rpc.ErrorInfo","reason":"ACCESS_TOKEN_TYPE_UNSUPPORTED","metadata":{"method":"google.cloudresourcemanager.v1.Projects.CreateProject","service":"cloudresourcemanager.googleapis.com"}}]}}
[debug] [2023-09-14T21:09:07.530Z] FirebaseError: HTTP Error: 401, Request had invalid authentication credentials. Expected OAuth 2 access token, login cookie or other valid authentication credential. See https://developers.google.com/identity/sign-in/web/devconsole-project.
    at module.exports (/Users/david/.cache/firebase/tools/lib/node_modules/firebase-tools/lib/responseToError.js:47:12)
    at RetryOperation._fn (/Users/david/.cache/firebase/tools/lib/node_modules/firebase-tools/lib/apiv2.js:286:39)
    at processTicksAndRejections (node:internal/process/task_queues:96:5)
[error] 
[error] Error: Failed to create project. See firebase-debug.log for more info.
